mode: set
github.com/SufBit/CSCE4600/Project2/builtins/cd.go:14.44,15.19 1 1
github.com/SufBit/CSCE4600/Project2/builtins/cd.go:16.9,17.20 1 1
github.com/SufBit/CSCE4600/Project2/builtins/cd.go:17.20,19.4 1 1
github.com/SufBit/CSCE4600/Project2/builtins/cd.go:20.3,20.27 1 1
github.com/SufBit/CSCE4600/Project2/builtins/cd.go:21.9,22.27 1 1
github.com/SufBit/CSCE4600/Project2/builtins/cd.go:23.10,24.90 1 1
github.com/SufBit/CSCE4600/Project2/builtins/echo.go:10.46,14.2 2 1
github.com/SufBit/CSCE4600/Project2/builtins/env.go:10.62,12.33 2 1
github.com/SufBit/CSCE4600/Project2/builtins/env.go:12.33,13.22 1 1
github.com/SufBit/CSCE4600/Project2/builtins/env.go:13.22,14.23 1 1
github.com/SufBit/CSCE4600/Project2/builtins/env.go:14.23,16.5 1 1
github.com/SufBit/CSCE4600/Project2/builtins/env.go:17.4,18.7 2 1
github.com/SufBit/CSCE4600/Project2/builtins/env.go:22.2,23.35 2 1
github.com/SufBit/CSCE4600/Project2/builtins/env.go:23.35,25.30 2 1
github.com/SufBit/CSCE4600/Project2/builtins/env.go:25.30,26.37 1 1
github.com/SufBit/CSCE4600/Project2/builtins/env.go:26.37,28.10 2 1
github.com/SufBit/CSCE4600/Project2/builtins/env.go:31.3,31.11 1 1
github.com/SufBit/CSCE4600/Project2/builtins/env.go:31.11,33.4 1 1
github.com/SufBit/CSCE4600/Project2/builtins/env.go:36.2,38.12 2 1
github.com/SufBit/CSCE4600/Project2/builtins/pwd.go:11.47,14.16 2 1
github.com/SufBit/CSCE4600/Project2/builtins/pwd.go:14.16,16.3 1 0
github.com/SufBit/CSCE4600/Project2/builtins/pwd.go:19.2,20.12 2 1
github.com/SufBit/CSCE4600/Project2/builtins/repeat.go:18.55,19.19 1 1
github.com/SufBit/CSCE4600/Project2/builtins/repeat.go:19.19,21.3 1 1
github.com/SufBit/CSCE4600/Project2/builtins/repeat.go:23.2,24.30 2 1
github.com/SufBit/CSCE4600/Project2/builtins/repeat.go:24.30,26.3 1 1
github.com/SufBit/CSCE4600/Project2/builtins/repeat.go:28.2,30.29 2 1
github.com/SufBit/CSCE4600/Project2/builtins/repeat.go:30.29,33.17 2 1
github.com/SufBit/CSCE4600/Project2/builtins/repeat.go:33.17,35.4 1 0
github.com/SufBit/CSCE4600/Project2/builtins/repeat.go:38.3,38.24 1 1
github.com/SufBit/CSCE4600/Project2/builtins/repeat.go:41.2,41.12 1 1
github.com/SufBit/CSCE4600/Project2/builtins/repeat.go:45.49,50.16 4 1
github.com/SufBit/CSCE4600/Project2/builtins/repeat.go:50.16,52.3 1 0
github.com/SufBit/CSCE4600/Project2/builtins/repeat.go:54.2,54.47 1 1
github.com/SufBit/CSCE4600/Project2/builtins/type.go:22.53,23.36 1 1
github.com/SufBit/CSCE4600/Project2/builtins/type.go:23.36,26.3 2 1
github.com/SufBit/CSCE4600/Project2/builtins/type.go:28.2,29.16 2 1
github.com/SufBit/CSCE4600/Project2/builtins/type.go:29.16,31.3 1 1
github.com/SufBit/CSCE4600/Project2/builtins/type.go:33.2,34.12 2 1
github.com/SufBit/CSCE4600/Project2/builtins/which.go:10.47,11.20 1 1
github.com/SufBit/CSCE4600/Project2/builtins/which.go:11.20,13.3 1 0
github.com/SufBit/CSCE4600/Project2/builtins/which.go:15.2,15.27 1 1
github.com/SufBit/CSCE4600/Project2/builtins/which.go:15.27,17.17 2 1
github.com/SufBit/CSCE4600/Project2/builtins/which.go:17.17,19.4 1 1
github.com/SufBit/CSCE4600/Project2/builtins/which.go:22.2,22.12 1 1
github.com/SufBit/CSCE4600/Project2/main.go:15.13,18.2 2 0
github.com/SufBit/CSCE4600/Project2/main.go:20.66,26.6 2 1
github.com/SufBit/CSCE4600/Project2/main.go:26.6,27.10 1 1
github.com/SufBit/CSCE4600/Project2/main.go:28.15,30.10 2 1
github.com/SufBit/CSCE4600/Project2/main.go:31.11,32.41 1 1
github.com/SufBit/CSCE4600/Project2/main.go:32.41,34.13 2 0
github.com/SufBit/CSCE4600/Project2/main.go:36.4,36.58 1 1
github.com/SufBit/CSCE4600/Project2/main.go:36.58,38.13 2 1
github.com/SufBit/CSCE4600/Project2/main.go:40.4,40.53 1 1
github.com/SufBit/CSCE4600/Project2/main.go:40.53,42.5 1 0
github.com/SufBit/CSCE4600/Project2/main.go:47.37,51.16 2 1
github.com/SufBit/CSCE4600/Project2/main.go:51.16,53.3 1 0
github.com/SufBit/CSCE4600/Project2/main.go:55.2,56.16 2 1
github.com/SufBit/CSCE4600/Project2/main.go:56.16,58.3 1 0
github.com/SufBit/CSCE4600/Project2/main.go:61.2,63.12 2 1
github.com/SufBit/CSCE4600/Project2/main.go:66.73,76.14 4 1
github.com/SufBit/CSCE4600/Project2/main.go:77.12,78.43 1 0
github.com/SufBit/CSCE4600/Project2/main.go:79.13,80.51 1 0
github.com/SufBit/CSCE4600/Project2/main.go:81.14,83.13 2 1
github.com/SufBit/CSCE4600/Project2/main.go:84.13,85.43 1 0
github.com/SufBit/CSCE4600/Project2/main.go:86.14,87.41 1 0
github.com/SufBit/CSCE4600/Project2/main.go:88.15,89.36 1 0
github.com/SufBit/CSCE4600/Project2/main.go:90.16,91.44 1 0
github.com/SufBit/CSCE4600/Project2/main.go:92.14,94.58 1 0
github.com/SufBit/CSCE4600/Project2/main.go:97.2,97.38 1 0
github.com/SufBit/CSCE4600/Project2/main.go:100.55,110.2 4 0
